<?xml version="1.0" encoding="UTF-8"?>
<!-- Generated by org.testng.reporters.JUnitXMLReporter -->
<testsuite hostname="FEI1026227" ignored="0" name="Default test" tests="3" failures="0" timestamp="03 Dec 2019 18:53:22 GMT" time="3.386" errors="0">
  <testcase name="postTweet" time="2.123" classname="com.twitter.statuses.TwitterWorkflowTest"/>
  <testcase name="readTweet" time="0.267" classname="com.twitter.statuses.TwitterWorkflowTest"/>
  <testcase name="deleteTweet" time="0.314" classname="com.twitter.statuses.TwitterWorkflowTest"/>
</testsuite> <!-- Default test -->
