<?xml version="1.0" encoding="UTF-8"?>
<testng-results skipped="0" failed="0" ignored="0" total="4" passed="4">
  <reporter-output>
  </reporter-output>
  <suite name="Suite" duration-ms="52" started-at="2019-08-22T09:25:55 EDT" finished-at="2019-08-22T09:25:55 EDT">
    <groups>
    </groups>
    <test name="test" duration-ms="52" started-at="2019-08-22T09:25:55 EDT" finished-at="2019-08-22T09:25:55 EDT">
      <class name="kjtoddTraining.SeleniumTest">
        <test-method status="PASS" signature="browserAutomation()[pri:0, instance:kjtoddTraining.SeleniumTest@25bbe1b6]" name="browserAutomation" duration-ms="7" started-at="2019-08-22T09:25:55 EDT" finished-at="2019-08-22T09:25:55 EDT">
          <reporter-output>
          </reporter-output>
        </test-method> <!-- browserAutomation -->
        <test-method status="PASS" signature="elementsUI()[pri:0, instance:kjtoddTraining.SeleniumTest@25bbe1b6]" name="elementsUI" duration-ms="0" started-at="2019-08-22T09:25:55 EDT" finished-at="2019-08-22T09:25:55 EDT">
          <reporter-output>
          </reporter-output>
        </test-method> <!-- elementsUI -->
      </class> <!-- kjtoddTraining.SeleniumTest -->
      <class name="kjtoddTraining.RESTAPITest">
        <test-method status="PASS" signature="deleteTwitter()[pri:0, instance:kjtoddTraining.RESTAPITest@5702b3b1]" name="deleteTwitter" duration-ms="0" started-at="2019-08-22T09:25:55 EDT" finished-at="2019-08-22T09:25:55 EDT">
          <reporter-output>
          </reporter-output>
        </test-method> <!-- deleteTwitter -->
        <test-method status="PASS" signature="postJira()[pri:0, instance:kjtoddTraining.RESTAPITest@5702b3b1]" name="postJira" duration-ms="0" started-at="2019-08-22T09:25:55 EDT" finished-at="2019-08-22T09:25:55 EDT">
          <reporter-output>
          </reporter-output>
        </test-method> <!-- postJira -->
      </class> <!-- kjtoddTraining.RESTAPITest -->
    </test> <!-- test -->
  </suite> <!-- Suite -->
</testng-results>
