<?xml version="1.0" encoding="UTF-8"?>
<testng-results skipped="0" failed="0" ignored="0" total="3" passed="3">
  <reporter-output>
  </reporter-output>
  <suite name="Default suite" duration-ms="3800" started-at="2019-11-13T15:07:59 EST" finished-at="2019-11-13T15:08:03 EST">
    <groups>
    </groups>
    <test name="Default test" duration-ms="3800" started-at="2019-11-13T15:07:59 EST" finished-at="2019-11-13T15:08:03 EST">
      <class name="com.twitter.statuses.TwitterWorkflowTest">
        <test-method status="PASS" signature="setup()[pri:0, instance:com.twitter.statuses.TwitterWorkflowTest@467aecef]" name="setup" is-config="true" duration-ms="837" started-at="2019-11-13T15:07:59 EST" finished-at="2019-11-13T15:08:00 EST">
          <reporter-output>
          </reporter-output>
        </test-method> <!-- setup -->
        <test-method status="PASS" signature="postTweet()[pri:0, instance:com.twitter.statuses.TwitterWorkflowTest@467aecef]" name="postTweet" duration-ms="2297" started-at="2019-11-13T15:08:00 EST" finished-at="2019-11-13T15:08:02 EST">
          <reporter-output>
          </reporter-output>
        </test-method> <!-- postTweet -->
        <test-method status="PASS" signature="readTweet()[pri:0, instance:com.twitter.statuses.TwitterWorkflowTest@467aecef]" name="readTweet" duration-ms="339" started-at="2019-11-13T15:08:02 EST" depends-on-methods="com.twitter.statuses.TwitterWorkflowTest.postTweet" finished-at="2019-11-13T15:08:03 EST">
          <reporter-output>
          </reporter-output>
        </test-method> <!-- readTweet -->
        <test-method status="PASS" signature="deleteTweet()[pri:0, instance:com.twitter.statuses.TwitterWorkflowTest@467aecef]" name="deleteTweet" duration-ms="274" started-at="2019-11-13T15:08:03 EST" depends-on-methods="com.twitter.statuses.TwitterWorkflowTest.readTweet" finished-at="2019-11-13T15:08:03 EST">
          <reporter-output>
          </reporter-output>
        </test-method> <!-- deleteTweet -->
      </class> <!-- com.twitter.statuses.TwitterWorkflowTest -->
    </test> <!-- Default test -->
  </suite> <!-- Default suite -->
</testng-results>
