<?xml version="1.0" encoding="UTF-8"?>
<testng-results skipped="0" failed="0" ignored="0" total="6" passed="6">
  <reporter-output>
  </reporter-output>
  <suite name="Regression Suite" duration-ms="4289" started-at="2019-11-05T14:53:56 EST" finished-at="2019-11-05T14:54:00 EST">
    <groups>
    </groups>
    <test name="RestAssured Test" duration-ms="4289" started-at="2019-11-05T14:53:56 EST" finished-at="2019-11-05T14:54:00 EST">
      <class name="com.twitter.statuses.UserTimelineTest">
        <test-method status="PASS" signature="setup()[pri:0, instance:com.twitter.statuses.UserTimelineTest@4d50efb8]" name="setup" is-config="true" duration-ms="638" started-at="2019-11-05T14:53:56 EST" finished-at="2019-11-05T14:53:57 EST">
          <reporter-output>
          </reporter-output>
        </test-method> <!-- setup -->
        <test-method status="PASS" signature="readTweets1()[pri:0, instance:com.twitter.statuses.UserTimelineTest@4d50efb8]" name="readTweets1" duration-ms="2109" started-at="2019-11-05T14:53:57 EST" finished-at="2019-11-05T14:53:59 EST">
          <reporter-output>
          </reporter-output>
        </test-method> <!-- readTweets1 -->
        <test-method status="PASS" signature="readTweets2()[pri:0, instance:com.twitter.statuses.UserTimelineTest@4d50efb8]" name="readTweets2" duration-ms="302" started-at="2019-11-05T14:53:59 EST" finished-at="2019-11-05T14:53:59 EST">
          <reporter-output>
          </reporter-output>
        </test-method> <!-- readTweets2 -->
        <test-method status="PASS" signature="readTweets3()[pri:0, instance:com.twitter.statuses.UserTimelineTest@4d50efb8]" name="readTweets3" duration-ms="337" started-at="2019-11-05T14:53:59 EST" finished-at="2019-11-05T14:53:59 EST">
          <reporter-output>
          </reporter-output>
        </test-method> <!-- readTweets3 -->
      </class> <!-- com.twitter.statuses.UserTimelineTest -->
      <class name="com.twitter.statuses.TwitterWorkflowTest">
        <test-method status="PASS" signature="setup()[pri:0, instance:com.twitter.statuses.TwitterWorkflowTest@7e2d773b]" name="setup" is-config="true" duration-ms="1" started-at="2019-11-05T14:53:59 EST" finished-at="2019-11-05T14:53:59 EST">
          <reporter-output>
          </reporter-output>
        </test-method> <!-- setup -->
        <test-method status="PASS" signature="postTweet()[pri:0, instance:com.twitter.statuses.TwitterWorkflowTest@7e2d773b]" name="postTweet" duration-ms="352" started-at="2019-11-05T14:53:59 EST" finished-at="2019-11-05T14:54:00 EST">
          <reporter-output>
          </reporter-output>
        </test-method> <!-- postTweet -->
        <test-method status="PASS" signature="readTweet()[pri:0, instance:com.twitter.statuses.TwitterWorkflowTest@7e2d773b]" name="readTweet" duration-ms="245" started-at="2019-11-05T14:54:00 EST" depends-on-methods="com.twitter.statuses.TwitterWorkflowTest.postTweet" finished-at="2019-11-05T14:54:00 EST">
          <reporter-output>
          </reporter-output>
        </test-method> <!-- readTweet -->
        <test-method status="PASS" signature="deleteTweet()[pri:0, instance:com.twitter.statuses.TwitterWorkflowTest@7e2d773b]" name="deleteTweet" duration-ms="255" started-at="2019-11-05T14:54:00 EST" depends-on-methods="com.twitter.statuses.TwitterWorkflowTest.readTweet" finished-at="2019-11-05T14:54:00 EST">
          <reporter-output>
          </reporter-output>
        </test-method> <!-- deleteTweet -->
      </class> <!-- com.twitter.statuses.TwitterWorkflowTest -->
    </test> <!-- RestAssured Test -->
  </suite> <!-- Regression Suite -->
</testng-results>
