<?xml version="1.0" encoding="UTF-8"?>
<testsuite xmlns:xsi="http://www.w3.org/2001/XMLSchema-instance" xsi:noNamespaceSchemaLocation="https://maven.apache.org/surefire/maven-surefire-plugin/xsd/surefire-test-report-3.0.xsd" version="3.0" name="TestSuite" time="12.894" tests="14" errors="0" skipped="0" failures="0">
  <properties>
[...]
</properties>
  <testcase name="Test" classname="test_framework.a_Basics_Get" time="4.272"/>
  <testcase name="postData" classname="test_framework.b_Basics_Post_JSON" time="0"/>
  <testcase name="AddAndDeletePlace" classname="test_framework.c_Basics_Add_and_Delete" time="0.922"/>
  <testcase name="Test" classname="test_framework.d_Basics_Post_XML" time="0.665"/>
  <testcase name="Test" classname="test_framework.e_Basics_Get_All_Reponses" time="0.436"/>
  <testcase name="AddBook" classname="test_framework.g_DataProvider" time="0.6"/>
  <testcase name="AddBook" classname="test_framework.g_DataProvider" time="0.591"/>
  <testcase name="AddBook" classname="test_framework.g_DataProvider" time="0.562"/>
  <testcase name="DeleteBook" classname="test_framework.g_DataProvider" time="0.58"/>
  <testcase name="DeleteBook" classname="test_framework.g_DataProvider" time="0.568"/>
  <testcase name="DeleteBook" classname="test_framework.g_DataProvider" time="0.579"/>
  <testcase name="postTweet" classname="test_framework.i_PostGetDeleteTweet" time="0.387"/>
  <testcase name="getLatestTweet" classname="test_framework.i_PostGetDeleteTweet" time="0.332"/>
  <testcase name="deleteTweet" classname="test_framework.i_PostGetDeleteTweet" time="0.203"/>
</testsuite>