<?xml version="1.0" encoding="UTF-8"?>
<!-- Generated by org.testng.reporters.JUnitXMLReporter -->
<testsuite hostname="FEI1026227" ignored="0" name="RestAssured Test" tests="6" failures="0" timestamp="2019-11-05T14:54:00 EST" time="4.289" errors="0">
  <testcase name="readTweets1" time="2.109" classname="com.twitter.statuses.UserTimelineTest"/>
  <testcase name="readTweets2" time="0.302" classname="com.twitter.statuses.UserTimelineTest"/>
  <testcase name="readTweets3" time="0.337" classname="com.twitter.statuses.UserTimelineTest"/>
  <testcase name="postTweet" time="0.352" classname="com.twitter.statuses.TwitterWorkflowTest"/>
  <testcase name="readTweet" time="0.245" classname="com.twitter.statuses.TwitterWorkflowTest"/>
  <testcase name="deleteTweet" time="0.255" classname="com.twitter.statuses.TwitterWorkflowTest"/>
</testsuite> <!-- RestAssured Test -->
