<?xml version="1.0" encoding="UTF-8"?>
<!-- Generated by org.testng.reporters.JUnitXMLReporter -->
<testsuite hostname="FEI1026227" ignored="0" name="test" tests="4" failures="0" timestamp="2019-08-22T09:25:55 EDT" time="0.052" errors="0">
  <testcase name="browserAutomation" time="0.007" classname="kjtoddTraining.SeleniumTest"/>
  <testcase name="elementsUI" time="0.0" classname="kjtoddTraining.SeleniumTest"/>
  <testcase name="deleteTwitter" time="0.0" classname="kjtoddTraining.RESTAPITest"/>
  <testcase name="postJira" time="0.0" classname="kjtoddTraining.RESTAPITest"/>
</testsuite> <!-- test -->
