<?xml version="1.0" encoding="UTF-8"?>
<!-- Generated by org.testng.reporters.JUnitXMLReporter -->
<testsuite hostname="FEI1026227" ignored="0" name="RestAssured Test" tests="6" failures="0" timestamp="2019-11-05T15:04:50 EST" time="5.283" errors="0">
  <testcase name="readTweets1" time="2.799" classname="com.twitter.statuses.UserTimelineTest"/>
  <testcase name="readTweets2" time="0.342" classname="com.twitter.statuses.UserTimelineTest"/>
  <testcase name="readTweets3" time="0.357" classname="com.twitter.statuses.UserTimelineTest"/>
  <testcase name="postTweet" time="0.377" classname="com.twitter.statuses.TwitterWorkflowTest"/>
  <testcase name="readTweet" time="0.271" classname="com.twitter.statuses.TwitterWorkflowTest"/>
  <testcase name="deleteTweet" time="0.222" classname="com.twitter.statuses.TwitterWorkflowTest"/>
</testsuite> <!-- RestAssured Test -->
