<?xml version="1.0" encoding="UTF-8"?>
<!-- Generated by org.testng.reporters.JUnitXMLReporter -->
<testsuite hostname="FEI1026227" ignored="0" name="RestAssured Test" tests="3" failures="0" timestamp="2019-11-05T15:06:52 EST" time="3.486" errors="0">
  <testcase name="readTweets1" time="2.137" classname="com.twitter.statuses.UserTimelineTest"/>
  <testcase name="readTweets2" time="0.38" classname="com.twitter.statuses.UserTimelineTest"/>
  <testcase name="readTweets3" time="0.29" classname="com.twitter.statuses.UserTimelineTest"/>
</testsuite> <!-- RestAssured Test -->
