<?xml version="1.0" encoding="UTF-8"?>
<!-- Generated by org.testng.reporters.JUnitXMLReporter -->
<testsuite hostname="FEI1026227" ignored="0" name="REST_API_Tests " tests="14" failures="0" timestamp="2019-09-06T11:27:52 EDT" time="10.95" errors="0">
  <testcase name="Test" time="2.848" classname="test_framework.a_Basics_Get"/>
  <testcase name="postData" time="0.717" classname="test_framework.b_Basics_Post_JSON"/>
  <testcase name="AddAndDeletePlace" time="1.409" classname="test_framework.c_Basics_Add_and_Delete"/>
  <testcase name="Test" time="0.655" classname="test_framework.d_Basics_Post_XML"/>
  <testcase name="Test" time="0.409" classname="test_framework.e_Basics_Get_All_Reponses"/>
  <testcase name="AddBook" time="0.661" classname="test_framework.g_DataProvider"/>
  <testcase name="AddBook" time="0.613" classname="test_framework.g_DataProvider"/>
  <testcase name="AddBook" time="0.636" classname="test_framework.g_DataProvider"/>
  <testcase name="DeleteBook" time="0.608" classname="test_framework.g_DataProvider"/>
  <testcase name="DeleteBook" time="0.655" classname="test_framework.g_DataProvider"/>
  <testcase name="DeleteBook" time="0.592" classname="test_framework.g_DataProvider"/>
  <testcase name="postTweet" time="0.439" classname="test_framework.i_PostGetDeleteTweet"/>
  <testcase name="getLatestTweet" time="0.302" classname="test_framework.i_PostGetDeleteTweet"/>
  <testcase name="deleteTweet" time="0.298" classname="test_framework.i_PostGetDeleteTweet"/>
</testsuite> <!-- REST_API_Tests  -->
