<?xml version="1.0" encoding="UTF-8"?>
<testng-results skipped="0" failed="0" ignored="0" total="5" passed="5">
  <reporter-output>
  </reporter-output>
  <suite name="RegressionSuite" duration-ms="4716" started-at="2019-12-03T19:04:13Z" finished-at="2019-12-03T19:04:17Z">
    <groups>
    </groups>
    <test name="RestAssured Test" duration-ms="4716" started-at="2019-12-03T19:04:13Z" finished-at="2019-12-03T19:04:17Z">
      <class name="com.twitter.statuses.UserTimelineTest">
        <test-method status="PASS" signature="init()[pri:0, instance:com.twitter.statuses.UserTimelineTest@27c20538]" name="init" is-config="true" duration-ms="800" started-at="2019-12-03T19:04:13Z" finished-at="2019-12-03T19:04:13Z">
          <reporter-output>
          </reporter-output>
        </test-method> <!-- init -->
        <test-method status="PASS" signature="getTweets1()[pri:0, instance:com.twitter.statuses.UserTimelineTest@27c20538]" name="getTweets1" duration-ms="2749" started-at="2019-12-03T19:04:13Z" finished-at="2019-12-03T19:04:16Z">
          <reporter-output>
          </reporter-output>
        </test-method> <!-- getTweets1 -->
        <test-method status="PASS" signature="getTweets2()[pri:0, instance:com.twitter.statuses.UserTimelineTest@27c20538]" name="getTweets2" duration-ms="278" started-at="2019-12-03T19:04:16Z" finished-at="2019-12-03T19:04:16Z">
          <reporter-output>
          </reporter-output>
        </test-method> <!-- getTweets2 -->
      </class> <!-- com.twitter.statuses.UserTimelineTest -->
      <class name="com.twitter.statuses.TwitterWorkflowTest">
        <test-method status="PASS" signature="init()[pri:0, instance:com.twitter.statuses.TwitterWorkflowTest@72d818d1]" name="init" is-config="true" duration-ms="1" started-at="2019-12-03T19:04:16Z" finished-at="2019-12-03T19:04:16Z">
          <reporter-output>
          </reporter-output>
        </test-method> <!-- init -->
        <test-method status="PASS" signature="postTweet()[pri:0, instance:com.twitter.statuses.TwitterWorkflowTest@72d818d1]" name="postTweet" duration-ms="316" started-at="2019-12-03T19:04:16Z" finished-at="2019-12-03T19:04:17Z">
          <reporter-output>
          </reporter-output>
        </test-method> <!-- postTweet -->
        <test-method status="PASS" signature="readTweet()[pri:0, instance:com.twitter.statuses.TwitterWorkflowTest@72d818d1]" name="readTweet" duration-ms="272" started-at="2019-12-03T19:04:17Z" depends-on-methods="com.twitter.statuses.TwitterWorkflowTest.postTweet" finished-at="2019-12-03T19:04:17Z">
          <reporter-output>
          </reporter-output>
        </test-method> <!-- readTweet -->
        <test-method status="PASS" signature="deleteTweet()[pri:0, instance:com.twitter.statuses.TwitterWorkflowTest@72d818d1]" name="deleteTweet" duration-ms="250" started-at="2019-12-03T19:04:17Z" depends-on-methods="com.twitter.statuses.TwitterWorkflowTest.readTweet" finished-at="2019-12-03T19:04:17Z">
          <reporter-output>
          </reporter-output>
        </test-method> <!-- deleteTweet -->
      </class> <!-- com.twitter.statuses.TwitterWorkflowTest -->
    </test> <!-- RestAssured Test -->
  </suite> <!-- RegressionSuite -->
</testng-results>
