<?xml version="1.0" encoding="UTF-8"?>
<testng-results skipped="0" failed="0" ignored="0" total="3" passed="3">
  <reporter-output>
  </reporter-output>
  <suite name="UserTimeline Suite" duration-ms="3486" started-at="2019-11-05T15:06:48 EST" finished-at="2019-11-05T15:06:52 EST">
    <groups>
    </groups>
    <test name="RestAssured Test" duration-ms="3486" started-at="2019-11-05T15:06:48 EST" finished-at="2019-11-05T15:06:52 EST">
      <class name="com.twitter.statuses.UserTimelineTest">
        <test-method status="PASS" signature="setup()[pri:0, instance:com.twitter.statuses.UserTimelineTest@5700d6b1]" name="setup" is-config="true" duration-ms="640" started-at="2019-11-05T15:06:48 EST" finished-at="2019-11-05T15:06:49 EST">
          <reporter-output>
          </reporter-output>
        </test-method> <!-- setup -->
        <test-method status="PASS" signature="readTweets1()[pri:0, instance:com.twitter.statuses.UserTimelineTest@5700d6b1]" name="readTweets1" duration-ms="2137" started-at="2019-11-05T15:06:49 EST" finished-at="2019-11-05T15:06:51 EST">
          <reporter-output>
          </reporter-output>
        </test-method> <!-- readTweets1 -->
        <test-method status="PASS" signature="readTweets2()[pri:0, instance:com.twitter.statuses.UserTimelineTest@5700d6b1]" name="readTweets2" duration-ms="380" started-at="2019-11-05T15:06:51 EST" finished-at="2019-11-05T15:06:51 EST">
          <reporter-output>
          </reporter-output>
        </test-method> <!-- readTweets2 -->
        <test-method status="PASS" signature="readTweets3()[pri:0, instance:com.twitter.statuses.UserTimelineTest@5700d6b1]" name="readTweets3" duration-ms="290" started-at="2019-11-05T15:06:51 EST" finished-at="2019-11-05T15:06:52 EST">
          <reporter-output>
          </reporter-output>
        </test-method> <!-- readTweets3 -->
      </class> <!-- com.twitter.statuses.UserTimelineTest -->
    </test> <!-- RestAssured Test -->
  </suite> <!-- UserTimeline Suite -->
</testng-results>
