<?xml version="1.0" encoding="UTF-8"?>
<testng-results skipped="0" failed="0" ignored="0" total="1" passed="1">
  <reporter-output>
  </reporter-output>
  <suite name="Default suite" duration-ms="4354" started-at="2019-10-12T11:01:36 EDT" finished-at="2019-10-12T11:01:40 EDT">
    <groups>
    </groups>
    <test name="Default test" duration-ms="4354" started-at="2019-10-12T11:01:36 EDT" finished-at="2019-10-12T11:01:40 EDT">
      <class name="tests.a_Basics_Get">
        <test-method status="PASS" signature="setUp()[pri:0, instance:tests.a_Basics_Get@646d64ab]" name="setUp" is-config="true" duration-ms="639" started-at="2019-10-12T11:01:36 EDT" finished-at="2019-10-12T11:01:36 EDT">
          <reporter-output>
          </reporter-output>
        </test-method> <!-- setUp -->
        <test-method status="PASS" signature="Test()[pri:0, instance:tests.a_Basics_Get@646d64ab]" name="Test" duration-ms="3679" started-at="2019-10-12T11:01:36 EDT" finished-at="2019-10-12T11:01:40 EDT">
          <reporter-output>
          </reporter-output>
        </test-method> <!-- Test -->
      </class> <!-- tests.a_Basics_Get -->
    </test> <!-- Default test -->
  </suite> <!-- Default suite -->
</testng-results>
