<?xml version="1.0" encoding="UTF-8"?>
<!-- Generated by org.testng.reporters.JUnitXMLReporter -->
<testsuite hostname="FEI1026227" ignored="0" name="REST_API_Tests " tests="14" failures="0" timestamp="2019-08-26T13:39:33 EDT" time="10.756" errors="0">
  <testcase name="Test" time="3.236" classname="test_framework.a_Basics_Get"/>
  <testcase name="postData" time="0.659" classname="test_framework.b_Basics_Post_JSON"/>
  <testcase name="AddAndDeletePlace" time="1.291" classname="test_framework.c_Basics_Add_and_Delete"/>
  <testcase name="Test" time="0.665" classname="test_framework.d_Basics_Post_XML"/>
  <testcase name="Test" time="0.434" classname="test_framework.e_Basics_Get_All_Reponses"/>
  <testcase name="AddBook" time="0.599" classname="test_framework.g_DataProvider"/>
  <testcase name="AddBook" time="0.583" classname="test_framework.g_DataProvider"/>
  <testcase name="AddBook" time="0.568" classname="test_framework.g_DataProvider"/>
  <testcase name="DeleteBook" time="0.581" classname="test_framework.g_DataProvider"/>
  <testcase name="DeleteBook" time="0.568" classname="test_framework.g_DataProvider"/>
  <testcase name="DeleteBook" time="0.58" classname="test_framework.g_DataProvider"/>
  <testcase name="postTweet" time="0.386" classname="test_framework.i_PostGetDeleteTweet"/>
  <testcase name="getLatestTweet" time="0.32" classname="test_framework.i_PostGetDeleteTweet"/>
  <testcase name="deleteTweet" time="0.214" classname="test_framework.i_PostGetDeleteTweet"/>
</testsuite> <!-- REST_API_Tests  -->
