<?xml version="1.0" encoding="UTF-8"?>
<!-- Generated by org.testng.reporters.JUnitXMLReporter -->
<testsuite hostname="FEI1026227" ignored="0" name="REST_API_Tests " tests="11" failures="0" timestamp="23 Aug 2019 13:15:24 GMT" time="9.304" errors="0">
  <testcase name="Test" time="2.789" classname="tests.a_Basics_Get"/>
  <testcase name="postData" time="0.627" classname="tests.b_Basics_Post_JSON"/>
  <testcase name="AddAndDeletePlace" time="1.222" classname="tests.c_Basics_Add_and_Delete"/>
  <testcase name="Test" time="0.671" classname="tests.d_Basics_Post_XML"/>
  <testcase name="Test" time="0.437" classname="tests.e_Basics_Get_All_Reponses"/>
  <testcase name="AddBook" time="0.585" classname="tests.g_DataProvider"/>
  <testcase name="AddBook" time="0.597" classname="tests.g_DataProvider"/>
  <testcase name="AddBook" time="0.607" classname="tests.g_DataProvider"/>
  <testcase name="DeleteBook" time="0.561" classname="tests.g_DataProvider"/>
  <testcase name="DeleteBook" time="0.573" classname="tests.g_DataProvider"/>
  <testcase name="DeleteBook" time="0.565" classname="tests.g_DataProvider"/>
</testsuite> <!-- REST_API_Tests  -->
