<?xml version="1.0" encoding="UTF-8"?>
<!-- Generated by org.testng.reporters.JUnitXMLReporter -->
<testsuite hostname="FEI1026227" ignored="0" name="RestAssured Test" tests="5" failures="0" timestamp="03 Dec 2019 19:04:17 GMT" time="4.716" errors="0">
  <testcase name="getTweets1" time="2.749" classname="com.twitter.statuses.UserTimelineTest"/>
  <testcase name="getTweets2" time="0.278" classname="com.twitter.statuses.UserTimelineTest"/>
  <testcase name="postTweet" time="0.316" classname="com.twitter.statuses.TwitterWorkflowTest"/>
  <testcase name="readTweet" time="0.272" classname="com.twitter.statuses.TwitterWorkflowTest"/>
  <testcase name="deleteTweet" time="0.25" classname="com.twitter.statuses.TwitterWorkflowTest"/>
</testsuite> <!-- RestAssured Test -->
