<?xml version="1.0" encoding="UTF-8"?>
<!-- Generated by org.testng.reporters.JUnitXMLReporter -->
<testsuite hostname="FEI1026227" ignored="0" name="Default test" tests="3" failures="0" timestamp="2019-11-05T14:43:04 EST" time="3.224" errors="0">
  <testcase name="postTweet" time="1.982" classname="com.twitter.statuses.TwitterWorkflowTest"/>
  <testcase name="readTweet" time="0.314" classname="com.twitter.statuses.TwitterWorkflowTest"/>
  <testcase name="deleteTweet" time="0.262" classname="com.twitter.statuses.TwitterWorkflowTest"/>
</testsuite> <!-- Default test -->
