<?xml version="1.0" encoding="UTF-8"?>
<!-- Generated by org.testng.reporters.JUnitXMLReporter -->
<testsuite hostname="FEI1026227" ignored="0" name="Default test" tests="3" failures="0" timestamp="2019-11-13T15:08:03 EST" time="3.8" errors="0">
  <testcase name="postTweet" time="2.297" classname="com.twitter.statuses.TwitterWorkflowTest"/>
  <testcase name="readTweet" time="0.339" classname="com.twitter.statuses.TwitterWorkflowTest"/>
  <testcase name="deleteTweet" time="0.274" classname="com.twitter.statuses.TwitterWorkflowTest"/>
</testsuite> <!-- Default test -->
