<?xml version="1.0" encoding="UTF-8"?>
<testng-results skipped="0" failed="0" ignored="0" total="1" passed="1">
  <reporter-output>
  </reporter-output>
  <suite name="Default suite" duration-ms="3000" started-at="2019-11-01T13:46:43 EDT" finished-at="2019-11-01T13:46:46 EDT">
    <groups>
    </groups>
    <test name="Default test" duration-ms="3000" started-at="2019-11-01T13:46:43 EDT" finished-at="2019-11-01T13:46:46 EDT">
      <class name="test_framework.e_Basics_Get_All_Reponses">
        <test-method status="PASS" signature="setUp()[pri:0, instance:test_framework.e_Basics_Get_All_Reponses@6ad82709]" name="setUp" is-config="true" duration-ms="12" started-at="2019-11-01T13:46:43 EDT" finished-at="2019-11-01T13:46:43 EDT">
          <reporter-output>
          </reporter-output>
        </test-method> <!-- setUp -->
        <test-method status="PASS" signature="Test()[pri:0, instance:test_framework.e_Basics_Get_All_Reponses@6ad82709]" name="Test" duration-ms="2951" started-at="2019-11-01T13:46:43 EDT" finished-at="2019-11-01T13:46:46 EDT">
          <reporter-output>
          </reporter-output>
        </test-method> <!-- Test -->
      </class> <!-- test_framework.e_Basics_Get_All_Reponses -->
    </test> <!-- Default test -->
  </suite> <!-- Default suite -->
</testng-results>
