<?xml version="1.0" encoding="UTF-8"?>
<!-- Generated by org.testng.reporters.JUnitXMLReporter -->
<testsuite hostname="FEI1026227" ignored="0" name="Test" tests="5" failures="0" timestamp="2019-09-11T13:18:10 EDT" time="8.629" errors="0">
  <testcase name="addBookTest" time="2.859" classname="SoapTests.library_addBook"/>
  <testcase name="addBookTest" time="0.306" classname="SoapTests.library_deleteBook"/>
  <testcase name="SoapTest" time="1.487" classname="SoapTests.library_all"/>
  <testcase name="MultipleTestSuiteTest" time="2.425" classname="SoapTests.multipleTestSuites"/>
  <testcase name="employeeWithScript" time="1.518" classname="SoapTests.employee_groovyScript"/>
</testsuite> <!-- Test -->
